2025-09-13 16:24:09,100 - ERROR - ❌ Oväntat fel: ❌ Miljövariabel ALPACA_API_KEY är obligatorisk!
2025-09-13 16:39:38,702 - INFO - ✅ Konfiguration laddad
2025-09-13 16:39:39,156 - ERROR - ❌ Alpaca API-fel: unauthorized.
2025-09-13 16:39:39,156 - ERROR - ❌ Oväntat fel: Kunde inte ansluta till Alpaca API: unauthorized.
2025-09-13 17:08:00,498 - INFO - ✅ Konfiguration laddad
2025-09-13 17:08:00,994 - INFO - ✅ Alpaca API ansluten - Konto: ACTIVE
2025-09-13 17:08:02,563 - ERROR - ❌ Datafel HUHU: The truth value of a Series is ambiguous. Use a.empty, a.bool(), a.item(), a.any() or a.all().
2025-09-13 17:08:02,821 - ERROR - ❌ Datafel ANGL: The truth value of a Series is ambiguous. Use a.empty, a.bool(), a.item(), a.any() or a.all().
2025-09-13 17:08:03,135 - ERROR - ❌ Datafel ANGO: The truth value of a Series is ambiguous. Use a.empty, a.bool(), a.item(), a.any() or a.all().
2025-09-13 17:08:03,372 - ERROR - ❌ Datafel ANIK: The truth value of a Series is ambiguous. Use a.empty, a.bool(), a.item(), a.any() or a.all().
2025-09-13 17:08:03,690 - ERROR - ❌ Datafel ANIP: The truth value of a Series is ambiguous. Use a.empty, a.bool(), a.item(), a.any() or a.all().
2025-09-13 17:08:04,000 - ERROR - ❌ Datafel ANNX: The truth value of a Series is ambiguous. Use a.empty, a.bool(), a.item(), a.any() or a.all().
2025-09-13 17:08:04,224 - ERROR - ❌ Datafel ANRO: The truth value of a Series is ambiguous. Use a.empty, a.bool(), a.item(), a.any() or a.all().
2025-09-13 17:08:04,803 - ERROR - ❌ Datafel ANTX: The truth value of a Series is ambiguous. Use a.empty, a.bool(), a.item(), a.any() or a.all().
2025-09-13 17:08:05,342 - ERROR - ❌ Datafel AOD: The truth value of a Series is ambiguous. Use a.empty, a.bool(), a.item(), a.any() or a.all().
2025-09-13 17:08:06,300 - ERROR - ❌ Datafel AOMR: The truth value of a Series is ambiguous. Use a.empty, a.bool(), a.item(), a.any() or a.all().
2025-09-13 17:08:06,770 - ERROR - ❌ Datafel AON: The truth value of a Series is ambiguous. Use a.empty, a.bool(), a.item(), a.any() or a.all().
2025-09-13 17:08:07,304 - ERROR - ❌ Datafel CHACR: The truth value of a Series is ambiguous. Use a.empty, a.bool(), a.item(), a.any() or a.all().
2025-09-13 17:08:07,778 - ERROR - ❌ Datafel CHAC: The truth value of a Series is ambiguous. Use a.empty, a.bool(), a.item(), a.any() or a.all().
2025-09-13 17:08:08,203 - ERROR - ❌ Datafel CHA: The truth value of a Series is ambiguous. Use a.empty, a.bool(), a.item(), a.any() or a.all().
2025-09-13 17:08:08,464 - ERROR - ❌ Datafel HUBCZ: The truth value of a Series is ambiguous. Use a.empty, a.bool(), a.item(), a.any() or a.all().
2025-09-13 17:08:08,942 - ERROR - ❌ Datafel HUBCW: The truth value of a Series is ambiguous. Use a.empty, a.bool(), a.item(), a.any() or a.all().
2025-09-13 17:08:09,337 - ERROR - ❌ Datafel HUBC: The truth value of a Series is ambiguous. Use a.empty, a.bool(), a.item(), a.any() or a.all().
2025-09-13 17:08:12,718 - ERROR - 
1 Failed download:
2025-09-13 17:08:12,718 - ERROR - ['AXS.PRE']: HTTPError('HTTP Error 404: ')
2025-09-13 17:08:13,011 - ERROR - ❌ Datafel AYTU: The truth value of a Series is ambiguous. Use a.empty, a.bool(), a.item(), a.any() or a.all().
2025-09-13 17:08:13,239 - ERROR - ❌ Datafel AZ: The truth value of a Series is ambiguous. Use a.empty, a.bool(), a.item(), a.any() or a.all().
2025-09-13 17:08:13,528 - ERROR - ❌ Datafel AORT: The truth value of a Series is ambiguous. Use a.empty, a.bool(), a.item(), a.any() or a.all().
2025-09-13 17:08:13,963 - ERROR - ❌ Datafel AOS: The truth value of a Series is ambiguous. Use a.empty, a.bool(), a.item(), a.any() or a.all().
2025-09-13 17:08:14,244 - ERROR - ❌ Datafel AOSL: The truth value of a Series is ambiguous. Use a.empty, a.bool(), a.item(), a.any() or a.all().
2025-09-13 17:08:14,540 - ERROR - ❌ Datafel AOUT: The truth value of a Series is ambiguous. Use a.empty, a.bool(), a.item(), a.any() or a.all().
2025-09-13 17:08:14,861 - ERROR - ❌ Datafel APA: The truth value of a Series is ambiguous. Use a.empty, a.bool(), a.item(), a.any() or a.all().
2025-09-13 17:08:15,257 - ERROR - ❌ Datafel APAM: The truth value of a Series is ambiguous. Use a.empty, a.bool(), a.item(), a.any() or a.all().
2025-09-13 17:08:15,693 - ERROR - ❌ Datafel APD: The truth value of a Series is ambiguous. Use a.empty, a.bool(), a.item(), a.any() or a.all().
2025-09-13 17:08:15,920 - ERROR - ❌ Datafel APEI: The truth value of a Series is ambiguous. Use a.empty, a.bool(), a.item(), a.any() or a.all().
2025-09-13 17:08:16,239 - ERROR - ❌ Datafel APG: The truth value of a Series is ambiguous. Use a.empty, a.bool(), a.item(), a.any() or a.all().
2025-09-13 17:08:16,456 - ERROR - ❌ Datafel APGE: The truth value of a Series is ambiguous. Use a.empty, a.bool(), a.item(), a.any() or a.all().
2025-09-13 17:08:16,758 - ERROR - ❌ Datafel HTOOW: The truth value of a Series is ambiguous. Use a.empty, a.bool(), a.item(), a.any() or a.all().
2025-09-13 17:08:16,988 - ERROR - ❌ Datafel HTOO: The truth value of a Series is ambiguous. Use a.empty, a.bool(), a.item(), a.any() or a.all().
2025-09-13 17:08:17,305 - ERROR - ❌ Datafel HTLM: The truth value of a Series is ambiguous. Use a.empty, a.bool(), a.item(), a.any() or a.all().
2025-09-13 17:08:17,539 - ERROR - ❌ Datafel HTFC: The truth value of a Series is ambiguous. Use a.empty, a.bool(), a.item(), a.any() or a.all().
2025-09-13 17:08:17,835 - ERROR - ❌ Datafel HTFB: The truth value of a Series is ambiguous. Use a.empty, a.bool(), a.item(), a.any() or a.all().
2025-09-13 17:08:18,158 - ERROR - ❌ Datafel HTD: The truth value of a Series is ambiguous. Use a.empty, a.bool(), a.item(), a.any() or a.all().
2025-09-13 17:08:18,375 - ERROR - ❌ Datafel HTCR: The truth value of a Series is ambiguous. Use a.empty, a.bool(), a.item(), a.any() or a.all().
2025-09-13 17:08:18,686 - ERROR - ❌ Datafel HTCO: The truth value of a Series is ambiguous. Use a.empty, a.bool(), a.item(), a.any() or a.all().
2025-09-13 17:08:18,908 - ERROR - ❌ Datafel CGTL: The truth value of a Series is ambiguous. Use a.empty, a.bool(), a.item(), a.any() or a.all().
2025-09-13 17:08:19,209 - ERROR - ❌ Datafel HSPTU: The truth value of a Series is ambiguous. Use a.empty, a.bool(), a.item(), a.any() or a.all().
2025-09-13 17:08:19,523 - ERROR - ❌ Datafel HSPTR: The truth value of a Series is ambiguous. Use a.empty, a.bool(), a.item(), a.any() or a.all().
2025-09-13 17:08:19,801 - ERROR - ❌ Datafel HSPT: The truth value of a Series is ambiguous. Use a.empty, a.bool(), a.item(), a.any() or a.all().
2025-09-13 17:08:20,024 - ERROR - ❌ Datafel CCCXU: The truth value of a Series is ambiguous. Use a.empty, a.bool(), a.item(), a.any() or a.all().
2025-09-13 17:08:20,349 - ERROR - ❌ Datafel HSPOW: The truth value of a Series is ambiguous. Use a.empty, a.bool(), a.item(), a.any() or a.all().
2025-09-13 17:08:20,565 - ERROR - ❌ Datafel HSPOU: The truth value of a Series is ambiguous. Use a.empty, a.bool(), a.item(), a.any() or a.all().
2025-09-13 17:08:20,865 - ERROR - ❌ Datafel HSPOR: The truth value of a Series is ambiguous. Use a.empty, a.bool(), a.item(), a.any() or a.all().
2025-09-13 17:08:21,089 - ERROR - ❌ Datafel CCCXW: The truth value of a Series is ambiguous. Use a.empty, a.bool(), a.item(), a.any() or a.all().
2025-09-13 17:08:21,372 - ERROR - ❌ Datafel HSPO: The truth value of a Series is ambiguous. Use a.empty, a.bool(), a.item(), a.any() or a.all().
2025-09-13 17:08:21,600 - ERROR - ❌ Datafel HSHP: The truth value of a Series is ambiguous. Use a.empty, a.bool(), a.item(), a.any() or a.all().
2025-09-13 17:08:21,933 - ERROR - ❌ Datafel APH: The truth value of a Series is ambiguous. Use a.empty, a.bool(), a.item(), a.any() or a.all().
2025-09-13 17:08:21,933 - INFO - 🎉 Analys klart!
2025-09-13 17:13:41,459 - INFO - ✅ Konfiguration laddad
2025-09-13 17:13:41,899 - INFO - ✅ Alpaca API ansluten - Konto: ACTIVE
2025-09-13 17:13:43,314 - ERROR - ❌ Datafel HUHU: The truth value of a Series is ambiguous. Use a.empty, a.bool(), a.item(), a.any() or a.all().
2025-09-13 17:13:43,478 - ERROR - ❌ Datafel ANGL: The truth value of a Series is ambiguous. Use a.empty, a.bool(), a.item(), a.any() or a.all().
2025-09-13 17:13:43,621 - ERROR - ❌ Datafel ANGO: The truth value of a Series is ambiguous. Use a.empty, a.bool(), a.item(), a.any() or a.all().
2025-09-13 17:13:43,834 - ERROR - ❌ Datafel ANIK: The truth value of a Series is ambiguous. Use a.empty, a.bool(), a.item(), a.any() or a.all().
2025-09-13 17:13:44,062 - ERROR - ❌ Datafel ANIP: The truth value of a Series is ambiguous. Use a.empty, a.bool(), a.item(), a.any() or a.all().
2025-09-13 17:13:44,240 - ERROR - ❌ Datafel ANNX: The truth value of a Series is ambiguous. Use a.empty, a.bool(), a.item(), a.any() or a.all().
2025-09-13 17:13:44,395 - ERROR - ❌ Datafel ANRO: The truth value of a Series is ambiguous. Use a.empty, a.bool(), a.item(), a.any() or a.all().
2025-09-13 17:13:44,527 - ERROR - ❌ Datafel ANTX: The truth value of a Series is ambiguous. Use a.empty, a.bool(), a.item(), a.any() or a.all().
2025-09-13 17:13:44,778 - ERROR - ❌ Datafel AOD: The truth value of a Series is ambiguous. Use a.empty, a.bool(), a.item(), a.any() or a.all().
2025-09-13 17:13:44,934 - ERROR - ❌ Datafel AOMR: The truth value of a Series is ambiguous. Use a.empty, a.bool(), a.item(), a.any() or a.all().
2025-09-13 17:13:45,133 - ERROR - ❌ Datafel AON: The truth value of a Series is ambiguous. Use a.empty, a.bool(), a.item(), a.any() or a.all().
2025-09-13 17:13:45,302 - ERROR - ❌ Datafel CHACR: The truth value of a Series is ambiguous. Use a.empty, a.bool(), a.item(), a.any() or a.all().
2025-09-13 17:13:45,429 - ERROR - ❌ Datafel CHAC: The truth value of a Series is ambiguous. Use a.empty, a.bool(), a.item(), a.any() or a.all().
2025-09-13 17:13:45,570 - ERROR - ❌ Datafel CHA: The truth value of a Series is ambiguous. Use a.empty, a.bool(), a.item(), a.any() or a.all().
2025-09-13 17:13:45,696 - ERROR - ❌ Datafel HUBCZ: The truth value of a Series is ambiguous. Use a.empty, a.bool(), a.item(), a.any() or a.all().
2025-09-13 17:13:45,924 - ERROR - ❌ Datafel HUBCW: The truth value of a Series is ambiguous. Use a.empty, a.bool(), a.item(), a.any() or a.all().
2025-09-13 17:13:46,063 - ERROR - ❌ Datafel HUBC: The truth value of a Series is ambiguous. Use a.empty, a.bool(), a.item(), a.any() or a.all().
2025-09-13 17:13:49,376 - ERROR - 
1 Failed download:
2025-09-13 17:13:49,378 - ERROR - ['AXS.PRE']: HTTPError('HTTP Error 404: ')
2025-09-13 17:13:49,605 - ERROR - ❌ Datafel AYTU: The truth value of a Series is ambiguous. Use a.empty, a.bool(), a.item(), a.any() or a.all().
2025-09-13 17:13:49,730 - ERROR - ❌ Datafel AZ: The truth value of a Series is ambiguous. Use a.empty, a.bool(), a.item(), a.any() or a.all().
2025-09-13 17:13:50,023 - ERROR - ❌ Datafel AORT: The truth value of a Series is ambiguous. Use a.empty, a.bool(), a.item(), a.any() or a.all().
2025-09-13 17:13:50,261 - ERROR - ❌ Datafel AOS: The truth value of a Series is ambiguous. Use a.empty, a.bool(), a.item(), a.any() or a.all().
2025-09-13 17:13:50,391 - ERROR - ❌ Datafel AOSL: The truth value of a Series is ambiguous. Use a.empty, a.bool(), a.item(), a.any() or a.all().
2025-09-13 17:13:50,621 - ERROR - ❌ Datafel AOUT: The truth value of a Series is ambiguous. Use a.empty, a.bool(), a.item(), a.any() or a.all().
2025-09-13 17:13:50,821 - ERROR - ❌ Datafel APA: The truth value of a Series is ambiguous. Use a.empty, a.bool(), a.item(), a.any() or a.all().
2025-09-13 17:13:51,059 - ERROR - ❌ Datafel APAM: The truth value of a Series is ambiguous. Use a.empty, a.bool(), a.item(), a.any() or a.all().
2025-09-13 17:13:51,242 - ERROR - ❌ Datafel APD: The truth value of a Series is ambiguous. Use a.empty, a.bool(), a.item(), a.any() or a.all().
2025-09-13 17:13:51,389 - ERROR - ❌ Datafel APEI: The truth value of a Series is ambiguous. Use a.empty, a.bool(), a.item(), a.any() or a.all().
2025-09-13 17:13:51,582 - ERROR - ❌ Datafel APG: The truth value of a Series is ambiguous. Use a.empty, a.bool(), a.item(), a.any() or a.all().
2025-09-13 17:13:51,738 - ERROR - ❌ Datafel APGE: The truth value of a Series is ambiguous. Use a.empty, a.bool(), a.item(), a.any() or a.all().
2025-09-13 17:13:51,867 - ERROR - ❌ Datafel HTOOW: The truth value of a Series is ambiguous. Use a.empty, a.bool(), a.item(), a.any() or a.all().
2025-09-13 17:13:52,014 - ERROR - ❌ Datafel HTOO: The truth value of a Series is ambiguous. Use a.empty, a.bool(), a.item(), a.any() or a.all().
2025-09-13 17:13:52,226 - ERROR - ❌ Datafel HTLM: The truth value of a Series is ambiguous. Use a.empty, a.bool(), a.item(), a.any() or a.all().
2025-09-13 17:13:52,414 - ERROR - ❌ Datafel HTFC: The truth value of a Series is ambiguous. Use a.empty, a.bool(), a.item(), a.any() or a.all().
2025-09-13 17:13:52,630 - ERROR - ❌ Datafel HTFB: The truth value of a Series is ambiguous. Use a.empty, a.bool(), a.item(), a.any() or a.all().
2025-09-13 17:13:52,796 - ERROR - ❌ Datafel HTD: The truth value of a Series is ambiguous. Use a.empty, a.bool(), a.item(), a.any() or a.all().
2025-09-13 17:13:52,938 - ERROR - ❌ Datafel HTCR: The truth value of a Series is ambiguous. Use a.empty, a.bool(), a.item(), a.any() or a.all().
2025-09-13 17:13:53,169 - ERROR - ❌ Datafel HTCO: The truth value of a Series is ambiguous. Use a.empty, a.bool(), a.item(), a.any() or a.all().
2025-09-13 17:13:53,303 - ERROR - ❌ Datafel CGTL: The truth value of a Series is ambiguous. Use a.empty, a.bool(), a.item(), a.any() or a.all().
2025-09-13 17:13:53,439 - ERROR - ❌ Datafel HSPTU: The truth value of a Series is ambiguous. Use a.empty, a.bool(), a.item(), a.any() or a.all().
2025-09-13 17:13:53,581 - ERROR - ❌ Datafel HSPTR: The truth value of a Series is ambiguous. Use a.empty, a.bool(), a.item(), a.any() or a.all().
2025-09-13 17:13:53,813 - ERROR - ❌ Datafel HSPT: The truth value of a Series is ambiguous. Use a.empty, a.bool(), a.item(), a.any() or a.all().
2025-09-13 17:13:53,971 - ERROR - ❌ Datafel CCCXU: The truth value of a Series is ambiguous. Use a.empty, a.bool(), a.item(), a.any() or a.all().
2025-09-13 17:13:54,114 - ERROR - ❌ Datafel HSPOW: The truth value of a Series is ambiguous. Use a.empty, a.bool(), a.item(), a.any() or a.all().
2025-09-13 17:13:54,326 - ERROR - ❌ Datafel HSPOU: The truth value of a Series is ambiguous. Use a.empty, a.bool(), a.item(), a.any() or a.all().
2025-09-13 17:13:54,472 - ERROR - ❌ Datafel HSPOR: The truth value of a Series is ambiguous. Use a.empty, a.bool(), a.item(), a.any() or a.all().
2025-09-13 17:13:54,631 - ERROR - ❌ Datafel CCCXW: The truth value of a Series is ambiguous. Use a.empty, a.bool(), a.item(), a.any() or a.all().
2025-09-13 17:13:54,857 - ERROR - ❌ Datafel HSPO: The truth value of a Series is ambiguous. Use a.empty, a.bool(), a.item(), a.any() or a.all().
2025-09-13 17:13:55,001 - ERROR - ❌ Datafel HSHP: The truth value of a Series is ambiguous. Use a.empty, a.bool(), a.item(), a.any() or a.all().
2025-09-13 17:13:55,262 - ERROR - ❌ Datafel APH: The truth value of a Series is ambiguous. Use a.empty, a.bool(), a.item(), a.any() or a.all().
2025-09-13 17:13:55,262 - INFO - 🎉 Analys klart!
2025-09-13 17:29:25,117 - INFO - ✅ Konfiguration laddad
2025-09-13 17:29:25,582 - INFO - ✅ Alpaca API ansluten - Konto: ACTIVE
2025-09-13 17:29:27,084 - ERROR - ❌ Datafel AMPY: The truth value of a Series is ambiguous. Use a.empty, a.bool(), a.item(), a.any() or a.all().
2025-09-13 17:29:27,301 - ERROR - ❌ Datafel AMR: The truth value of a Series is ambiguous. Use a.empty, a.bool(), a.item(), a.any() or a.all().
2025-09-13 17:29:27,585 - ERROR - ❌ Datafel AMRC: The truth value of a Series is ambiguous. Use a.empty, a.bool(), a.item(), a.any() or a.all().
2025-09-13 17:29:27,829 - ERROR - ❌ Datafel AMRK: The truth value of a Series is ambiguous. Use a.empty, a.bool(), a.item(), a.any() or a.all().
2025-09-13 17:29:28,213 - ERROR - ❌ Datafel AMRN: The truth value of a Series is ambiguous. Use a.empty, a.bool(), a.item(), a.any() or a.all().
2025-09-13 17:29:28,521 - ERROR - ❌ Datafel AMRX: The truth value of a Series is ambiguous. Use a.empty, a.bool(), a.item(), a.any() or a.all().
2025-09-13 17:29:28,742 - ERROR - ❌ Datafel AMRZ: The truth value of a Series is ambiguous. Use a.empty, a.bool(), a.item(), a.any() or a.all().
2025-09-13 17:29:29,055 - ERROR - ❌ Datafel AMSC: The truth value of a Series is ambiguous. Use a.empty, a.bool(), a.item(), a.any() or a.all().
2025-09-13 17:29:29,315 - ERROR - ❌ Datafel AMSF: The truth value of a Series is ambiguous. Use a.empty, a.bool(), a.item(), a.any() or a.all().
2025-09-13 17:29:29,598 - ERROR - ❌ Datafel AMT: The truth value of a Series is ambiguous. Use a.empty, a.bool(), a.item(), a.any() or a.all().
2025-09-13 17:29:29,843 - ERROR - ❌ Datafel AMTB: The truth value of a Series is ambiguous. Use a.empty, a.bool(), a.item(), a.any() or a.all().
2025-09-13 17:29:30,105 - ERROR - ❌ Datafel AMTD: The truth value of a Series is ambiguous. Use a.empty, a.bool(), a.item(), a.any() or a.all().
2025-09-13 17:29:30,327 - ERROR - ❌ Datafel AMTM: The truth value of a Series is ambiguous. Use a.empty, a.bool(), a.item(), a.any() or a.all().
2025-09-13 17:29:30,631 - ERROR - ❌ Datafel AMWD: The truth value of a Series is ambiguous. Use a.empty, a.bool(), a.item(), a.any() or a.all().
2025-09-13 17:29:30,859 - ERROR - ❌ Datafel AMWL: The truth value of a Series is ambiguous. Use a.empty, a.bool(), a.item(), a.any() or a.all().
2025-09-13 17:29:31,176 - ERROR - ❌ Datafel CHSCN: The truth value of a Series is ambiguous. Use a.empty, a.bool(), a.item(), a.any() or a.all().
2025-09-13 17:29:31,330 - ERROR - ❌ Datafel HTCR: The truth value of a Series is ambiguous. Use a.empty, a.bool(), a.item(), a.any() or a.all().
2025-09-13 17:29:31,656 - ERROR - ❌ Datafel CHSCM: The truth value of a Series is ambiguous. Use a.empty, a.bool(), a.item(), a.any() or a.all().
2025-09-13 17:29:31,788 - ERROR - ❌ Datafel HTCO: The truth value of a Series is ambiguous. Use a.empty, a.bool(), a.item(), a.any() or a.all().
2025-09-13 17:29:32,022 - ERROR - ❌ Datafel FUFU: The truth value of a Series is ambiguous. Use a.empty, a.bool(), a.item(), a.any() or a.all().
2025-09-13 17:29:32,312 - ERROR - ❌ Datafel GAINI: The truth value of a Series is ambiguous. Use a.empty, a.bool(), a.item(), a.any() or a.all().
2025-09-13 17:29:32,629 - ERROR - ❌ Datafel CHSCL: The truth value of a Series is ambiguous. Use a.empty, a.bool(), a.item(), a.any() or a.all().
2025-09-13 17:29:32,852 - ERROR - ❌ Datafel CHR: The truth value of a Series is ambiguous. Use a.empty, a.bool(), a.item(), a.any() or a.all().
2025-09-13 17:29:32,984 - ERROR - ❌ Datafel HSPTU: The truth value of a Series is ambiguous. Use a.empty, a.bool(), a.item(), a.any() or a.all().
2025-09-13 17:29:33,162 - ERROR - ❌ Datafel HSPTR: The truth value of a Series is ambiguous. Use a.empty, a.bool(), a.item(), a.any() or a.all().
2025-09-13 17:29:33,310 - ERROR - ❌ Datafel HSPT: The truth value of a Series is ambiguous. Use a.empty, a.bool(), a.item(), a.any() or a.all().
2025-09-13 17:29:33,587 - ERROR - ❌ Datafel AMX: The truth value of a Series is ambiguous. Use a.empty, a.bool(), a.item(), a.any() or a.all().
2025-09-13 17:29:33,885 - ERROR - ❌ Datafel AMZN: The truth value of a Series is ambiguous. Use a.empty, a.bool(), a.item(), a.any() or a.all().
2025-09-13 17:29:34,211 - ERROR - ❌ Datafel AMZU: The truth value of a Series is ambiguous. Use a.empty, a.bool(), a.item(), a.any() or a.all().
2025-09-13 17:29:34,443 - ERROR - ❌ Datafel AMZZ: The truth value of a Series is ambiguous. Use a.empty, a.bool(), a.item(), a.any() or a.all().
2025-09-13 17:29:34,744 - ERROR - ❌ Datafel CHPT: The truth value of a Series is ambiguous. Use a.empty, a.bool(), a.item(), a.any() or a.all().
2025-09-13 17:29:34,879 - ERROR - ❌ Datafel HSPOW: The truth value of a Series is ambiguous. Use a.empty, a.bool(), a.item(), a.any() or a.all().
2025-09-13 17:29:35,015 - ERROR - ❌ Datafel HSPOU: The truth value of a Series is ambiguous. Use a.empty, a.bool(), a.item(), a.any() or a.all().
2025-09-13 17:29:35,145 - ERROR - ❌ Datafel HSPOR: The truth value of a Series is ambiguous. Use a.empty, a.bool(), a.item(), a.any() or a.all().
2025-09-13 17:29:35,369 - ERROR - ❌ Datafel HSPO: The truth value of a Series is ambiguous. Use a.empty, a.bool(), a.item(), a.any() or a.all().
2025-09-13 17:29:35,582 - ERROR - ❌ Datafel CHPS: The truth value of a Series is ambiguous. Use a.empty, a.bool(), a.item(), a.any() or a.all().
2025-09-13 17:29:35,864 - ERROR - ❌ Datafel CHPGU: The truth value of a Series is ambiguous. Use a.empty, a.bool(), a.item(), a.any() or a.all().
2025-09-13 17:29:35,999 - ERROR - ❌ Datafel HSHP: The truth value of a Series is ambiguous. Use a.empty, a.bool(), a.item(), a.any() or a.all().
2025-09-13 17:29:36,217 - ERROR - ❌ Datafel CHPGR: The truth value of a Series is ambiguous. Use a.empty, a.bool(), a.item(), a.any() or a.all().
2025-09-13 17:29:36,488 - ERROR - ❌ Datafel CHPG: The truth value of a Series is ambiguous. Use a.empty, a.bool(), a.item(), a.any() or a.all().
2025-09-13 17:29:36,711 - ERROR - ❌ Datafel ASST: The truth value of a Series is ambiguous. Use a.empty, a.bool(), a.item(), a.any() or a.all().
2025-09-13 17:29:37,022 - ERROR - ❌ Datafel CHNR: The truth value of a Series is ambiguous. Use a.empty, a.bool(), a.item(), a.any() or a.all().
2025-09-13 17:29:40,106 - ERROR - 
1 Failed download:
2025-09-13 17:29:40,107 - ERROR - ['CHMI.PRB']: HTTPError('HTTP Error 404: ')
2025-09-13 17:29:40,331 - ERROR - ❌ Datafel HSDT: The truth value of a Series is ambiguous. Use a.empty, a.bool(), a.item(), a.any() or a.all().
2025-09-13 17:29:40,583 - ERROR - ❌ Datafel ANAB: The truth value of a Series is ambiguous. Use a.empty, a.bool(), a.item(), a.any() or a.all().
2025-09-13 17:29:40,890 - ERROR - ❌ Datafel ANDE: The truth value of a Series is ambiguous. Use a.empty, a.bool(), a.item(), a.any() or a.all().
2025-09-13 17:29:41,206 - ERROR - ❌ Datafel ANET: The truth value of a Series is ambiguous. Use a.empty, a.bool(), a.item(), a.any() or a.all().
2025-09-13 17:29:41,542 - ERROR - ❌ Datafel ANF: The truth value of a Series is ambiguous. Use a.empty, a.bool(), a.item(), a.any() or a.all().
2025-09-13 17:29:41,771 - ERROR - ❌ Datafel ANGI: The truth value of a Series is ambiguous. Use a.empty, a.bool(), a.item(), a.any() or a.all().
2025-09-13 17:29:42,079 - ERROR - ❌ Datafel ASRV: The truth value of a Series is ambiguous. Use a.empty, a.bool(), a.item(), a.any() or a.all().
2025-09-13 17:29:42,080 - INFO - 🎉 Analys klart!
2025-09-16 07:31:51,700 - INFO - 🤖 AI Trading Bot startar...
2025-09-16 07:31:51,701 - ERROR - ❌ Miljövariabeln 'ALPACA_API_KEY' saknas!
2025-09-16 07:31:51,701 - ERROR - ❌ Konfigurationsfel: Miljövariabeln 'ALPACA_API_KEY' saknas!
2025-09-16 07:34:18,324 - INFO - 🤖 AI Trading Bot startar...
2025-09-16 07:34:18,324 - ERROR - ❌ Miljövariabeln 'ALPACA_API_KEY' saknas!
2025-09-16 07:34:18,324 - ERROR - ❌ Konfigurationsfel: Miljövariabeln 'ALPACA_API_KEY' saknas!
2025-09-16 07:43:28,394 - INFO - 🤖 AI Trading Bot startar...
2025-09-16 07:43:28,395 - ERROR - ❌ Miljövariabeln 'ALPACA_API_KEY' saknas!
2025-09-16 07:43:28,395 - ERROR - ❌ Konfigurationsfel: Miljövariabeln 'ALPACA_API_KEY' saknas!
2025-09-16 07:55:03,875 - INFO - 🤖 AI Trading Bot startar...
2025-09-16 07:55:03,875 - ERROR - ❌ Miljövariabeln 'ALPACA_API_KEY' saknas!
2025-09-16 07:55:03,875 - ERROR - ❌ Konfigurationsfel: Miljövariabeln 'ALPACA_API_KEY' saknas!
2025-09-16 07:56:48,604 - INFO - 🤖 AI Trading Bot startar...
2025-09-16 07:56:48,605 - ERROR - ❌ Miljövariabeln 'ALPACA_API_KEY' saknas!
2025-09-16 07:56:48,605 - ERROR - ❌ Konfigurationsfel: Miljövariabeln 'ALPACA_API_KEY' saknas!
2025-09-16 08:29:45,644 - INFO - 🤖 AI Trading Bot startar...
2025-09-16 08:29:45,644 - ERROR - ❌ Miljövariabeln 'ALPACA_API_KEY' saknas!
2025-09-16 08:29:45,644 - ERROR - ❌ Konfigurationsfel: Miljövariabeln 'ALPACA_API_KEY' saknas!
<<<<<<< HEAD
2025-09-16 11:10:23,546 - INFO - 🤖 AI Trading Bot startar...
2025-09-16 11:10:23,562 - INFO - ✅ Konfiguration laddad
2025-09-16 11:10:23,579 - WARNING - ⚠️ DRY RUN MODE - Inga riktiga order skickas!
2025-09-16 11:10:25,520 - ERROR - ❌ Alpaca API-fel: unauthorized.
2025-09-16 11:10:25,582 - ERROR - ❌ Oväntat fel: Kunde inte ansluta till Alpaca API: unauthorized.
2025-09-16 17:42:06,214 - INFO - 🤖 AI Trading Bot startar...
2025-09-16 17:42:06,214 - INFO - ✅ Konfiguration laddad
2025-09-16 17:42:06,214 - WARNING - ⚠️ DRY RUN MODE - Inga riktiga order skickas!
2025-09-16 17:42:06,583 - ERROR - ❌ Alpaca API-fel: unauthorized.
2025-09-16 17:42:06,583 - ERROR - ❌ Oväntat fel: Kunde inte ansluta till Alpaca API: unauthorized.
2025-09-16 17:51:00,008 - INFO - 🤖 AI Trading Bot startar...
2025-09-16 17:51:00,008 - INFO - ✅ Konfiguration laddad
2025-09-16 17:51:00,008 - WARNING - ⚠️ DRY RUN MODE - Inga riktiga order skickas!
2025-09-16 17:51:00,599 - INFO - ✅ Alpaca API ansluten - Konto: ACTIVE
2025-09-16 17:51:00,599 - INFO - 💰 Tillgängligt kapital: $100,000.00
2025-09-16 17:51:00,600 - INFO - 🚀 Startar trading bot analys...
2025-09-16 17:51:03,575 - INFO - 📊 Hämtade 50 aktier att analysera
2025-09-16 17:51:12,939 - ERROR - 
1 Failed download:
2025-09-16 17:51:12,939 - ERROR - ['MFA.PRB']: HTTPError('HTTP Error 404: ')
2025-09-16 17:51:22,253 - ERROR - 
1 Failed download:
2025-09-16 17:51:22,255 - ERROR - ['BAC.PRP']: HTTPError('HTTP Error 404: ')
2025-09-16 17:51:25,840 - ERROR - 
1 Failed download:
2025-09-16 17:51:25,840 - ERROR - ['MET.PRA']: YFPricesMissingError('possibly delisted; no price data found  (period=3mo) (Yahoo error = "No data found, symbol may be delisted")')
2025-09-16 17:51:40,202 - ERROR - 
1 Failed download:
2025-09-16 17:51:40,204 - ERROR - ['MDV.PRA']: YFPricesMissingError('possibly delisted; no price data found  (period=3mo) (Yahoo error = "No data found, symbol may be delisted")')
2025-09-16 17:51:49,363 - INFO - 🎯 ✅ STARK KÖP för MDCXW | RSI: 0.0 | Pris: $0.88
2025-09-16 17:51:49,537 - ERROR - ❌ Fel vid riskkontroll: 'Account' object has no attribute 'unrealized_pl'
2025-09-16 17:51:49,537 - WARNING - 🚨 Risklimiter överträdda - ingen order för MDCXW
2025-09-16 17:51:49,919 - WARNING - ⚠️ Telegram-fel försök 1: 404 Client Error: Not Found for url: https://api.telegram.org/botdin_nya_bot_token/sendMessage
2025-09-16 17:51:51,078 - WARNING - ⚠️ Telegram-fel försök 2: 404 Client Error: Not Found for url: https://api.telegram.org/botdin_nya_bot_token/sendMessage
2025-09-16 17:51:53,253 - WARNING - ⚠️ Telegram-fel försök 3: 404 Client Error: Not Found for url: https://api.telegram.org/botdin_nya_bot_token/sendMessage
2025-09-16 17:51:53,254 - ERROR - ❌ Telegram misslyckades
2025-09-16 17:52:02,449 - INFO - ============================================================
2025-09-16 17:52:02,450 - INFO - 🎯 Analys slutförd!
2025-09-16 17:52:02,450 - INFO - 📊 Analyserade aktier: 50
2025-09-16 17:52:02,450 - INFO - 🚨 Signaler hittade: 1
2025-09-16 17:52:02,450 - INFO - 📈 Order placerade: 0
2025-09-16 17:52:02,450 - INFO - ============================================================
2025-09-16 17:52:02,578 - WARNING - ⚠️ Telegram-fel försök 1: 404 Client Error: Not Found for url: https://api.telegram.org/botdin_nya_bot_token/sendMessage
2025-09-16 17:52:03,736 - WARNING - ⚠️ Telegram-fel försök 2: 404 Client Error: Not Found for url: https://api.telegram.org/botdin_nya_bot_token/sendMessage
2025-09-16 17:52:05,891 - WARNING - ⚠️ Telegram-fel försök 3: 404 Client Error: Not Found for url: https://api.telegram.org/botdin_nya_bot_token/sendMessage
2025-09-16 17:52:05,891 - ERROR - ❌ Telegram misslyckades
2025-09-16 17:52:05,893 - INFO - 🎉 Trading bot slutförd framgångsrikt!
2025-09-17 10:32:45,141 - INFO - 🔧 Testar anslutningar...
2025-09-17 10:32:45,158 - INFO - ✅ Konfiguration laddad
2025-09-17 10:32:45,174 - WARNING - ⚠️ DRY RUN MODE - Inga riktiga order skickas!
2025-09-17 10:32:45,191 - INFO - 📱 Telegram-konfiguration hittad
2025-09-17 10:32:46,014 - INFO - ✅ Alpaca ansluten! Kontostatus: ACTIVE
2025-09-17 10:32:46,060 - INFO - 💰 Kontosaldo: $100,000.00
2025-09-17 10:32:46,076 - INFO - 📊 Köpkraft: $200,000.00
2025-09-17 10:32:46,518 - WARNING - ⚠️ Telegram-problem: 404 - {"ok":false,"error_code":404,"description":"Not Found"}
2025-09-17 10:32:46,545 - INFO - ✅ Anslutningstester slutförda!
2025-09-17 10:32:46,561 - INFO - 🤖 AI Trading Bot startar...
2025-09-17 10:32:46,575 - INFO - ✅ Konfiguration laddad
2025-09-17 10:32:46,591 - WARNING - ⚠️ DRY RUN MODE - Inga riktiga order skickas!
2025-09-17 10:32:46,608 - INFO - 📱 Telegram-konfiguration hittad
2025-09-17 10:32:47,155 - INFO - ✅ Alpaca API ansluten - Konto: ACTIVE
2025-09-17 10:32:47,194 - INFO - 💰 Tillgängligt kapital: $100,000.00
2025-09-17 10:32:47,209 - INFO - 🚀 Startar trading bot analys...
2025-09-17 10:32:51,217 - INFO - 📊 Hämtade 50 aktier att analysera
2025-09-17 10:33:08,850 - ERROR - 
1 Failed download:
2025-09-17 10:33:08,881 - ERROR - ['ALL.PRJ']: HTTPError('HTTP Error 404: ')
2025-09-17 10:33:16,635 - ERROR - 
1 Failed download:
2025-09-17 10:33:16,709 - ERROR - ['MITT.PRC']: HTTPError('HTTP Error 404: ')
2025-09-17 10:33:22,260 - ERROR - 
1 Failed download:
2025-09-17 10:33:22,297 - ERROR - ['ALL.PRI']: YFPricesMissingError('possibly delisted; no price data found  (period=3mo) (Yahoo error = "No data found, symbol may be delisted")')
2025-09-17 10:33:30,028 - ERROR - 
1 Failed download:
2025-09-17 10:33:30,116 - ERROR - ['MITT.PRB']: YFPricesMissingError('possibly delisted; no price data found  (period=3mo) (Yahoo error = "No data found, symbol may be delisted")')
2025-09-17 10:33:40,189 - ERROR - 
1 Failed download:
2025-09-17 10:33:40,283 - ERROR - ['MITT.PRA']: YFPricesMissingError('possibly delisted; no price data found  (period=3mo) (Yahoo error = "No data found, symbol may be delisted")')
2025-09-17 10:33:50,624 - ERROR - 
1 Failed download:
2025-09-17 10:33:50,663 - ERROR - ['AKO.B']: YFPricesMissingError('possibly delisted; no price data found  (period=3mo) (Yahoo error = "No data found, symbol may be delisted")')
2025-09-17 10:33:56,171 - ERROR - 
1 Failed download:
2025-09-17 10:33:56,247 - ERROR - ['AKO.A']: YFPricesMissingError('possibly delisted; no price data found  (period=3mo) (Yahoo error = "No data found, symbol may be delisted")')
2025-09-17 10:34:12,456 - ERROR - 
1 Failed download:
2025-09-17 10:34:12,495 - ERROR - ['COPL.WS']: YFPricesMissingError('possibly delisted; no price data found  (period=3mo) (Yahoo error = "No data found, symbol may be delisted")')
2025-09-17 10:34:24,190 - ERROR - 
1 Failed download:
2025-09-17 10:34:24,230 - ERROR - ['COPL.U']: YFPricesMissingError('possibly delisted; no price data found  (period=3mo) (Yahoo error = "No data found, symbol may be delisted")')
2025-09-17 10:34:35,116 - INFO - ============================================================
2025-09-17 10:34:35,160 - INFO - 🎯 Analys slutförd!
2025-09-17 10:34:35,176 - INFO - 📊 Analyserade aktier: 50
2025-09-17 10:34:35,193 - INFO - 🚨 Signaler hittade: 0
2025-09-17 10:34:35,209 - INFO - 📈 Order placerade: 0
2025-09-17 10:34:35,225 - INFO - ============================================================
2025-09-17 10:34:35,793 - WARNING - ⚠️ Telegram-fel försök 1: 404 Client Error: Not Found for url: https://api.telegram.org/botdin_nya_bot_token/sendMessage
2025-09-17 10:34:37,119 - WARNING - ⚠️ Telegram-fel försök 2: 404 Client Error: Not Found for url: https://api.telegram.org/botdin_nya_bot_token/sendMessage
2025-09-17 10:34:39,790 - WARNING - ⚠️ Telegram-fel försök 3: 404 Client Error: Not Found for url: https://api.telegram.org/botdin_nya_bot_token/sendMessage
2025-09-17 10:34:39,830 - ERROR - ❌ Telegram misslyckades
2025-09-17 10:34:39,846 - INFO - 🎉 Trading bot slutförd framgångsrikt!
=======
>>>>>>> b65d31f (Första commit med hela projektet)
